[debug] [2021-10-25T07:21:07.937Z] ----------------------------------------------------------------------
[debug] [2021-10-25T07:21:07.947Z] Command:       C:\Program Files\nodejs\node.exe C:\Users\Suyash Shukla\AppData\Roaming\npm\node_modules\firebase-tools\lib\bin\firebase.js deploy
[debug] [2021-10-25T07:21:07.949Z] CLI Version:   9.20.0
[debug] [2021-10-25T07:21:07.950Z] Platform:      win32
[debug] [2021-10-25T07:21:07.950Z] Node Version:  v14.16.0
[debug] [2021-10-25T07:21:07.959Z] Time:          Mon Oct 25 2021 12:51:07 GMT+0530 (India Standard Time)
[debug] [2021-10-25T07:21:07.962Z] ----------------------------------------------------------------------
[debug] 
[debug] [2021-10-25T07:21:08.015Z] >>> [apiv2][query] GET https://firebase-public.firebaseio.com/cli.json [none]
[debug] [2021-10-25T07:21:08.648Z] > command requires scopes: ["email","openid","https://www.googleapis.com/auth/cloudplatformprojects.readonly","https://www.googleapis.com/auth/firebase","https://www.googleapis.com/auth/cloud-platform"]
[debug] [2021-10-25T07:21:08.649Z] > authorizing via signed-in user (suyashukla@gmail.com)
[debug] [2021-10-25T07:21:08.649Z] [iam] checking project model-viewer-f0fad for permissions ["firebase.projects.get","firebasehosting.sites.update"]
[debug] [2021-10-25T07:21:08.652Z] > refreshing access token with scopes: ["email","https://www.googleapis.com/auth/cloud-platform","https://www.googleapis.com/auth/cloudplatformprojects.readonly","https://www.googleapis.com/auth/firebase","openid"]
[debug] [2021-10-25T07:21:08.653Z] >>> HTTP REQUEST POST https://www.googleapis.com/oauth2/v3/token  
 <request body omitted>
[debug] [2021-10-25T07:21:09.063Z] <<< HTTP RESPONSE 200 {"date":"Mon, 25 Oct 2021 07:21:11 GMT","expires":"Mon, 01 Jan 1990 00:00:00 GMT","cache-control":"no-cache, no-store, max-age=0, must-revalidate","pragma":"no-cache","content-type":"application/json; charset=utf-8","vary":"X-Origin, Referer, Origin,Accept-Encoding","server":"scaffolding on HTTPServer2","x-xss-protection":"0","x-frame-options":"SAMEORIGIN","x-content-type-options":"nosniff","alt-svc":"h3=\":443\"; ma=2592000,h3-29=\":443\"; ma=2592000,h3-Q050=\":443\"; ma=2592000,h3-Q046=\":443\"; ma=2592000,h3-Q043=\":443\"; ma=2592000","accept-ranges":"none","transfer-encoding":"chunked"}
[debug] [2021-10-25T07:21:09.418Z] >>> HTTP REQUEST POST https://cloudresourcemanager.googleapis.com/v1/projects/model-viewer-f0fad:testIamPermissions  
 {"permissions":["firebase.projects.get","firebasehosting.sites.update"]}
[debug] [2021-10-25T07:21:10.069Z] <<< [apiv2][status] GET https://firebase-public.firebaseio.com/cli.json 200
[debug] [2021-10-25T07:21:10.070Z] <<< [apiv2][body] GET https://firebase-public.firebaseio.com/cli.json {"cloudBuildErrorAfter":1594252800000,"cloudBuildWarnAfter":1590019200000,"defaultNode10After":1594252800000,"minVersion":"3.0.5","node8DeploysDisabledAfter":1613390400000,"node8RuntimeDisabledAfter":1615809600000,"node8WarnAfter":1600128000000}
[debug] [2021-10-25T07:21:11.295Z] <<< HTTP RESPONSE 200 {"content-type":"application/json; charset=UTF-8","vary":"X-Origin, Referer, Origin,Accept-Encoding","date":"Mon, 25 Oct 2021 07:21:13 GMT","server":"ESF","cache-control":"private","x-xss-protection":"0","x-frame-options":"SAMEORIGIN","x-content-type-options":"nosniff","server-timing":"gfet4t7; dur=1348","alt-svc":"h3=\":443\"; ma=2592000,h3-29=\":443\"; ma=2592000,h3-Q050=\":443\"; ma=2592000,h3-Q046=\":443\"; ma=2592000,h3-Q043=\":443\"; ma=2592000","accept-ranges":"none","transfer-encoding":"chunked"}
[debug] [2021-10-25T07:21:11.301Z] > refreshing access token with scopes: []
[debug] [2021-10-25T07:21:11.301Z] >>> HTTP REQUEST POST https://www.googleapis.com/oauth2/v3/token  
 <request body omitted>
[debug] [2021-10-25T07:21:11.557Z] <<< HTTP RESPONSE 200 {"expires":"Mon, 01 Jan 1990 00:00:00 GMT","pragma":"no-cache","cache-control":"no-cache, no-store, max-age=0, must-revalidate","date":"Mon, 25 Oct 2021 07:21:13 GMT","content-type":"application/json; charset=utf-8","vary":"X-Origin, Referer, Origin,Accept-Encoding","server":"scaffolding on HTTPServer2","x-xss-protection":"0","x-frame-options":"SAMEORIGIN","x-content-type-options":"nosniff","alt-svc":"h3=\":443\"; ma=2592000,h3-29=\":443\"; ma=2592000,h3-Q050=\":443\"; ma=2592000,h3-Q046=\":443\"; ma=2592000,h3-Q043=\":443\"; ma=2592000","accept-ranges":"none","transfer-encoding":"chunked"}
[debug] [2021-10-25T07:21:11.929Z] >>> [apiv2][query] GET https://firebase.googleapis.com/v1beta1/projects/model-viewer-f0fad [none]
[debug] [2021-10-25T07:21:12.524Z] <<< [apiv2][status] GET https://firebase.googleapis.com/v1beta1/projects/model-viewer-f0fad 200
[debug] [2021-10-25T07:21:12.524Z] <<< [apiv2][body] GET https://firebase.googleapis.com/v1beta1/projects/model-viewer-f0fad {"projectId":"model-viewer-f0fad","projectNumber":"829732603531","displayName":"Model-viewer","name":"projects/model-viewer-f0fad","resources":{"hostingSite":"model-viewer-f0fad"},"state":"ACTIVE"}
[info] 
[info] === Deploying to 'model-viewer-f0fad'...
[info] 
[info] i  deploying hosting 
[debug] [2021-10-25T07:24:39.046Z] > refreshing access token with scopes: ["email","https://www.googleapis.com/auth/cloud-platform","https://www.googleapis.com/auth/cloudplatformprojects.readonly","https://www.googleapis.com/auth/firebase","openid"]
[debug] [2021-10-25T07:24:39.047Z] >>> HTTP REQUEST POST https://www.googleapis.com/oauth2/v3/token  
 <request body omitted>
[debug] [2021-10-25T07:24:39.317Z] <<< HTTP RESPONSE 200 {"date":"Mon, 25 Oct 2021 07:24:41 GMT","expires":"Mon, 01 Jan 1990 00:00:00 GMT","pragma":"no-cache","cache-control":"no-cache, no-store, max-age=0, must-revalidate","content-type":"application/json; charset=utf-8","vary":"X-Origin, Referer, Origin,Accept-Encoding","server":"scaffolding on HTTPServer2","x-xss-protection":"0","x-frame-options":"SAMEORIGIN","x-content-type-options":"nosniff","alt-svc":"h3=\":443\"; ma=2592000,h3-29=\":443\"; ma=2592000,h3-Q050=\":443\"; ma=2592000,h3-Q046=\":443\"; ma=2592000,h3-Q043=\":443\"; ma=2592000","accept-ranges":"none","transfer-encoding":"chunked"}
[debug] [2021-10-25T07:24:39.494Z] >>> HTTP REQUEST POST https://firebasehosting.googleapis.com/v1beta1/sites/model-viewer-f0fad/versions  
 {"config":{"rewrites":[{"glob":"**","path":"/index.html"}]},"labels":{"deployment-tool":"cli-firebase"}}
